0 info it worked if it ends with ok
1 verbose cli [ '/usr/local/bin/node',
1 verbose cli   '/usr/local/bin/npm',
1 verbose cli   'install',
1 verbose cli   '-g',
1 verbose cli   'express-generator@4' ]
2 info using npm@3.10.8
3 info using node@v6.9.1
4 silly loadCurrentTree Starting
5 silly install loadCurrentTree
6 silly install readGlobalPackageData
7 silly fetchPackageMetaData express-generator@4
8 silly fetchNamedPackageData express-generator
9 silly mapToRegistry name express-generator
10 silly mapToRegistry using default registry
11 silly mapToRegistry registry https://registry.npmjs.org/
12 silly mapToRegistry data Result {
12 silly mapToRegistry   raw: 'express-generator',
12 silly mapToRegistry   scope: null,
12 silly mapToRegistry   escapedName: 'express-generator',
12 silly mapToRegistry   name: 'express-generator',
12 silly mapToRegistry   rawSpec: '',
12 silly mapToRegistry   spec: 'latest',
12 silly mapToRegistry   type: 'tag' }
13 silly mapToRegistry uri https://registry.npmjs.org/express-generator
14 verbose request uri https://registry.npmjs.org/express-generator
15 verbose request no auth needed
16 info attempt registry request try #1 at 8:54:47 AM
17 verbose request id 54ffb5e2c00a480b
18 verbose etag W/"5844f4e9-8dc5"
19 verbose lastModified Mon, 05 Dec 2016 05:02:33 GMT
20 http request GET https://registry.npmjs.org/express-generator
21 http 304 https://registry.npmjs.org/express-generator
22 verbose headers { date: 'Sat, 10 Dec 2016 12:54:50 GMT',
22 verbose headers   via: '1.1 varnish',
22 verbose headers   'cache-control': 'max-age=300',
22 verbose headers   etag: 'W/"5844f4e9-8dc5"',
22 verbose headers   age: '86',
22 verbose headers   connection: 'keep-alive',
22 verbose headers   'x-served-by': 'cache-atl6236-ATL',
22 verbose headers   'x-cache': 'HIT',
22 verbose headers   'x-cache-hits': '1',
22 verbose headers   'x-timer': 'S1481374490.350979,VS0,VE0',
22 verbose headers   vary: 'Accept-Encoding' }
23 silly get cb [ 304,
23 silly get   { date: 'Sat, 10 Dec 2016 12:54:50 GMT',
23 silly get     via: '1.1 varnish',
23 silly get     'cache-control': 'max-age=300',
23 silly get     etag: 'W/"5844f4e9-8dc5"',
23 silly get     age: '86',
23 silly get     connection: 'keep-alive',
23 silly get     'x-served-by': 'cache-atl6236-ATL',
23 silly get     'x-cache': 'HIT',
23 silly get     'x-cache-hits': '1',
23 silly get     'x-timer': 'S1481374490.350979,VS0,VE0',
23 silly get     vary: 'Accept-Encoding' } ]
24 verbose etag https://registry.npmjs.org/express-generator from cache
25 verbose get saving express-generator to /Users/jhonnyponce/.npm/registry.npmjs.org/express-generator/.cache.json
26 verbose correctMkdir /Users/jhonnyponce/.npm correctMkdir not in flight; initializing
27 silly install normalizeTree
28 silly loadCurrentTree Finishing
29 silly loadIdealTree Starting
30 silly install loadIdealTree
31 silly cloneCurrentTree Starting
32 silly install cloneCurrentTreeToIdealTree
33 silly cloneCurrentTree Finishing
34 silly loadShrinkwrap Starting
35 silly install loadShrinkwrap
36 silly loadShrinkwrap Finishing
37 silly loadAllDepsIntoIdealTree Starting
38 silly install loadAllDepsIntoIdealTree
39 silly resolveWithNewModule express-generator@4.14.0 checking installable status
40 silly cache add args [ 'express-generator@4', null ]
41 verbose cache add spec express-generator@4
42 silly cache add parsed spec Result {
42 silly cache add   raw: 'express-generator@4',
42 silly cache add   scope: null,
42 silly cache add   escapedName: 'express-generator',
42 silly cache add   name: 'express-generator',
42 silly cache add   rawSpec: '4',
42 silly cache add   spec: '>=4.0.0 <5.0.0',
42 silly cache add   type: 'range' }
43 silly addNamed express-generator@>=4.0.0 <5.0.0
44 verbose addNamed ">=4.0.0 <5.0.0" is a valid semver range for express-generator
45 silly addNameRange { name: 'express-generator',
45 silly addNameRange   range: '>=4.0.0 <5.0.0',
45 silly addNameRange   hasData: false }
46 silly mapToRegistry name express-generator
47 silly mapToRegistry using default registry
48 silly mapToRegistry registry https://registry.npmjs.org/
49 silly mapToRegistry data Result {
49 silly mapToRegistry   raw: 'express-generator',
49 silly mapToRegistry   scope: null,
49 silly mapToRegistry   escapedName: 'express-generator',
49 silly mapToRegistry   name: 'express-generator',
49 silly mapToRegistry   rawSpec: '',
49 silly mapToRegistry   spec: 'latest',
49 silly mapToRegistry   type: 'tag' }
50 silly mapToRegistry uri https://registry.npmjs.org/express-generator
51 verbose addNameRange registry:https://registry.npmjs.org/express-generator not in flight; fetching
52 verbose get https://registry.npmjs.org/express-generator not expired, no request
53 silly addNameRange number 2 { name: 'express-generator',
53 silly addNameRange   range: '>=4.0.0 <5.0.0',
53 silly addNameRange   hasData: true }
54 silly addNameRange versions [ 'express-generator',
54 silly addNameRange   [ '1.0.0',
54 silly addNameRange     '3.0.0',
54 silly addNameRange     '4.0.0',
54 silly addNameRange     '4.2.0',
54 silly addNameRange     '4.8.0',
54 silly addNameRange     '4.9.0',
54 silly addNameRange     '4.10.0',
54 silly addNameRange     '4.11.0',
54 silly addNameRange     '4.11.1',
54 silly addNameRange     '4.11.2',
54 silly addNameRange     '4.12.0',
54 silly addNameRange     '4.12.1',
54 silly addNameRange     '4.12.4',
54 silly addNameRange     '4.13.0',
54 silly addNameRange     '4.13.1',
54 silly addNameRange     '4.13.4',
54 silly addNameRange     '4.14.0' ] ]
55 silly addNamed express-generator@4.14.0
56 verbose addNamed "4.14.0" is a plain semver version for express-generator
57 silly cache afterAdd express-generator@4.14.0
58 verbose afterAdd /Users/jhonnyponce/.npm/express-generator/4.14.0/package/package.json not in flight; writing
59 verbose correctMkdir /Users/jhonnyponce/.npm correctMkdir not in flight; initializing
60 verbose afterAdd /Users/jhonnyponce/.npm/express-generator/4.14.0/package/package.json written
61 silly fetchNamedPackageData commander
62 silly mapToRegistry name commander
63 silly mapToRegistry using default registry
64 silly mapToRegistry registry https://registry.npmjs.org/
65 silly mapToRegistry data Result {
65 silly mapToRegistry   raw: 'commander',
65 silly mapToRegistry   scope: null,
65 silly mapToRegistry   escapedName: 'commander',
65 silly mapToRegistry   name: 'commander',
65 silly mapToRegistry   rawSpec: '',
65 silly mapToRegistry   spec: 'latest',
65 silly mapToRegistry   type: 'tag' }
66 silly mapToRegistry uri https://registry.npmjs.org/commander
67 silly fetchNamedPackageData mkdirp
68 silly mapToRegistry name mkdirp
69 silly mapToRegistry using default registry
70 silly mapToRegistry registry https://registry.npmjs.org/
71 silly mapToRegistry data Result {
71 silly mapToRegistry   raw: 'mkdirp',
71 silly mapToRegistry   scope: null,
71 silly mapToRegistry   escapedName: 'mkdirp',
71 silly mapToRegistry   name: 'mkdirp',
71 silly mapToRegistry   rawSpec: '',
71 silly mapToRegistry   spec: 'latest',
71 silly mapToRegistry   type: 'tag' }
72 silly mapToRegistry uri https://registry.npmjs.org/mkdirp
73 silly fetchNamedPackageData sorted-object
74 silly mapToRegistry name sorted-object
75 silly mapToRegistry using default registry
76 silly mapToRegistry registry https://registry.npmjs.org/
77 silly mapToRegistry data Result {
77 silly mapToRegistry   raw: 'sorted-object',
77 silly mapToRegistry   scope: null,
77 silly mapToRegistry   escapedName: 'sorted-object',
77 silly mapToRegistry   name: 'sorted-object',
77 silly mapToRegistry   rawSpec: '',
77 silly mapToRegistry   spec: 'latest',
77 silly mapToRegistry   type: 'tag' }
78 silly mapToRegistry uri https://registry.npmjs.org/sorted-object
79 verbose request uri https://registry.npmjs.org/commander
80 verbose request no auth needed
81 info attempt registry request try #1 at 8:54:50 AM
82 verbose etag W/"584a6051-fca3"
83 verbose lastModified Fri, 09 Dec 2016 07:42:09 GMT
84 http request GET https://registry.npmjs.org/commander
85 verbose request uri https://registry.npmjs.org/mkdirp
86 verbose request no auth needed
87 info attempt registry request try #1 at 8:54:50 AM
88 verbose etag W/"5847e99e-60a9"
89 verbose lastModified Wed, 07 Dec 2016 10:51:10 GMT
90 http request GET https://registry.npmjs.org/mkdirp
91 verbose request uri https://registry.npmjs.org/sorted-object
92 verbose request no auth needed
93 info attempt registry request try #1 at 8:54:50 AM
94 verbose etag W/"57d499b1-1545"
95 verbose lastModified Sat, 10 Sep 2016 23:39:29 GMT
96 http request GET https://registry.npmjs.org/sorted-object
97 http 304 https://registry.npmjs.org/commander
98 verbose headers { date: 'Sat, 10 Dec 2016 12:54:50 GMT',
98 verbose headers   via: '1.1 varnish',
98 verbose headers   'cache-control': 'max-age=300',
98 verbose headers   etag: 'W/"584a6051-fca3"',
98 verbose headers   age: '139',
98 verbose headers   connection: 'keep-alive',
98 verbose headers   'x-served-by': 'cache-atl6236-ATL',
98 verbose headers   'x-cache': 'HIT',
98 verbose headers   'x-cache-hits': '1',
98 verbose headers   'x-timer': 'S1481374490.831136,VS0,VE0',
98 verbose headers   vary: 'Accept-Encoding' }
99 silly get cb [ 304,
99 silly get   { date: 'Sat, 10 Dec 2016 12:54:50 GMT',
99 silly get     via: '1.1 varnish',
99 silly get     'cache-control': 'max-age=300',
99 silly get     etag: 'W/"584a6051-fca3"',
99 silly get     age: '139',
99 silly get     connection: 'keep-alive',
99 silly get     'x-served-by': 'cache-atl6236-ATL',
99 silly get     'x-cache': 'HIT',
99 silly get     'x-cache-hits': '1',
99 silly get     'x-timer': 'S1481374490.831136,VS0,VE0',
99 silly get     vary: 'Accept-Encoding' } ]
100 verbose etag https://registry.npmjs.org/commander from cache
101 verbose get saving commander to /Users/jhonnyponce/.npm/registry.npmjs.org/commander/.cache.json
102 verbose correctMkdir /Users/jhonnyponce/.npm correctMkdir not in flight; initializing
103 silly resolveWithNewModule commander@2.9.0 checking installable status
104 silly cache add args [ 'commander@2.9.0', null ]
105 verbose cache add spec commander@2.9.0
106 silly cache add parsed spec Result {
106 silly cache add   raw: 'commander@2.9.0',
106 silly cache add   scope: null,
106 silly cache add   escapedName: 'commander',
106 silly cache add   name: 'commander',
106 silly cache add   rawSpec: '2.9.0',
106 silly cache add   spec: '2.9.0',
106 silly cache add   type: 'version' }
107 silly addNamed commander@2.9.0
108 verbose addNamed "2.9.0" is a plain semver version for commander
109 silly mapToRegistry name commander
110 silly mapToRegistry using default registry
111 silly mapToRegistry registry https://registry.npmjs.org/
112 silly mapToRegistry data Result {
112 silly mapToRegistry   raw: 'commander',
112 silly mapToRegistry   scope: null,
112 silly mapToRegistry   escapedName: 'commander',
112 silly mapToRegistry   name: 'commander',
112 silly mapToRegistry   rawSpec: '',
112 silly mapToRegistry   spec: 'latest',
112 silly mapToRegistry   type: 'tag' }
113 silly mapToRegistry uri https://registry.npmjs.org/commander
114 verbose addNameVersion registry:https://registry.npmjs.org/commander not in flight; fetching
115 verbose get https://registry.npmjs.org/commander not expired, no request
116 silly cache afterAdd commander@2.9.0
117 verbose afterAdd /Users/jhonnyponce/.npm/commander/2.9.0/package/package.json not in flight; writing
118 verbose correctMkdir /Users/jhonnyponce/.npm correctMkdir not in flight; initializing
119 verbose afterAdd /Users/jhonnyponce/.npm/commander/2.9.0/package/package.json written
120 http 304 https://registry.npmjs.org/sorted-object
121 verbose headers { date: 'Sat, 10 Dec 2016 12:54:51 GMT',
121 verbose headers   via: '1.1 varnish',
121 verbose headers   'cache-control': 'max-age=300',
121 verbose headers   etag: 'W/"57d499b1-1545"',
121 verbose headers   age: '76',
121 verbose headers   connection: 'keep-alive',
121 verbose headers   'x-served-by': 'cache-atl6225-ATL',
121 verbose headers   'x-cache': 'HIT',
121 verbose headers   'x-cache-hits': '1',
121 verbose headers   'x-timer': 'S1481374491.190976,VS0,VE0',
121 verbose headers   vary: 'Accept-Encoding' }
122 silly get cb [ 304,
122 silly get   { date: 'Sat, 10 Dec 2016 12:54:51 GMT',
122 silly get     via: '1.1 varnish',
122 silly get     'cache-control': 'max-age=300',
122 silly get     etag: 'W/"57d499b1-1545"',
122 silly get     age: '76',
122 silly get     connection: 'keep-alive',
122 silly get     'x-served-by': 'cache-atl6225-ATL',
122 silly get     'x-cache': 'HIT',
122 silly get     'x-cache-hits': '1',
122 silly get     'x-timer': 'S1481374491.190976,VS0,VE0',
122 silly get     vary: 'Accept-Encoding' } ]
123 verbose etag https://registry.npmjs.org/sorted-object from cache
124 verbose get saving sorted-object to /Users/jhonnyponce/.npm/registry.npmjs.org/sorted-object/.cache.json
125 verbose correctMkdir /Users/jhonnyponce/.npm correctMkdir not in flight; initializing
126 silly resolveWithNewModule sorted-object@2.0.0 checking installable status
127 silly cache add args [ 'sorted-object@2.0.0', null ]
128 verbose cache add spec sorted-object@2.0.0
129 silly cache add parsed spec Result {
129 silly cache add   raw: 'sorted-object@2.0.0',
129 silly cache add   scope: null,
129 silly cache add   escapedName: 'sorted-object',
129 silly cache add   name: 'sorted-object',
129 silly cache add   rawSpec: '2.0.0',
129 silly cache add   spec: '2.0.0',
129 silly cache add   type: 'version' }
130 silly addNamed sorted-object@2.0.0
131 verbose addNamed "2.0.0" is a plain semver version for sorted-object
132 silly mapToRegistry name sorted-object
133 silly mapToRegistry using default registry
134 silly mapToRegistry registry https://registry.npmjs.org/
135 silly mapToRegistry data Result {
135 silly mapToRegistry   raw: 'sorted-object',
135 silly mapToRegistry   scope: null,
135 silly mapToRegistry   escapedName: 'sorted-object',
135 silly mapToRegistry   name: 'sorted-object',
135 silly mapToRegistry   rawSpec: '',
135 silly mapToRegistry   spec: 'latest',
135 silly mapToRegistry   type: 'tag' }
136 silly mapToRegistry uri https://registry.npmjs.org/sorted-object
137 verbose addNameVersion registry:https://registry.npmjs.org/sorted-object not in flight; fetching
138 verbose get https://registry.npmjs.org/sorted-object not expired, no request
139 silly cache afterAdd sorted-object@2.0.0
140 verbose afterAdd /Users/jhonnyponce/.npm/sorted-object/2.0.0/package/package.json not in flight; writing
141 verbose correctMkdir /Users/jhonnyponce/.npm correctMkdir not in flight; initializing
142 verbose afterAdd /Users/jhonnyponce/.npm/sorted-object/2.0.0/package/package.json written
143 http 304 https://registry.npmjs.org/mkdirp
144 verbose headers { date: 'Sat, 10 Dec 2016 12:54:51 GMT',
144 verbose headers   via: '1.1 varnish',
144 verbose headers   'cache-control': 'max-age=300',
144 verbose headers   etag: 'W/"5847e99e-60a9"',
144 verbose headers   age: '109',
144 verbose headers   connection: 'keep-alive',
144 verbose headers   'x-served-by': 'cache-atl6223-ATL',
144 verbose headers   'x-cache': 'HIT',
144 verbose headers   'x-cache-hits': '2',
144 verbose headers   'x-timer': 'S1481374491.311573,VS0,VE0',
144 verbose headers   vary: 'Accept-Encoding' }
145 silly get cb [ 304,
145 silly get   { date: 'Sat, 10 Dec 2016 12:54:51 GMT',
145 silly get     via: '1.1 varnish',
145 silly get     'cache-control': 'max-age=300',
145 silly get     etag: 'W/"5847e99e-60a9"',
145 silly get     age: '109',
145 silly get     connection: 'keep-alive',
145 silly get     'x-served-by': 'cache-atl6223-ATL',
145 silly get     'x-cache': 'HIT',
145 silly get     'x-cache-hits': '2',
145 silly get     'x-timer': 'S1481374491.311573,VS0,VE0',
145 silly get     vary: 'Accept-Encoding' } ]
146 verbose etag https://registry.npmjs.org/mkdirp from cache
147 verbose get saving mkdirp to /Users/jhonnyponce/.npm/registry.npmjs.org/mkdirp/.cache.json
148 verbose correctMkdir /Users/jhonnyponce/.npm correctMkdir not in flight; initializing
149 silly resolveWithNewModule mkdirp@0.5.1 checking installable status
150 silly cache add args [ 'mkdirp@0.5.1', null ]
151 verbose cache add spec mkdirp@0.5.1
152 silly cache add parsed spec Result {
152 silly cache add   raw: 'mkdirp@0.5.1',
152 silly cache add   scope: null,
152 silly cache add   escapedName: 'mkdirp',
152 silly cache add   name: 'mkdirp',
152 silly cache add   rawSpec: '0.5.1',
152 silly cache add   spec: '0.5.1',
152 silly cache add   type: 'version' }
153 silly addNamed mkdirp@0.5.1
154 verbose addNamed "0.5.1" is a plain semver version for mkdirp
155 silly mapToRegistry name mkdirp
156 silly mapToRegistry using default registry
157 silly mapToRegistry registry https://registry.npmjs.org/
158 silly mapToRegistry data Result {
158 silly mapToRegistry   raw: 'mkdirp',
158 silly mapToRegistry   scope: null,
158 silly mapToRegistry   escapedName: 'mkdirp',
158 silly mapToRegistry   name: 'mkdirp',
158 silly mapToRegistry   rawSpec: '',
158 silly mapToRegistry   spec: 'latest',
158 silly mapToRegistry   type: 'tag' }
159 silly mapToRegistry uri https://registry.npmjs.org/mkdirp
160 verbose addNameVersion registry:https://registry.npmjs.org/mkdirp not in flight; fetching
161 verbose get https://registry.npmjs.org/mkdirp not expired, no request
162 silly cache afterAdd mkdirp@0.5.1
163 verbose afterAdd /Users/jhonnyponce/.npm/mkdirp/0.5.1/package/package.json not in flight; writing
164 verbose correctMkdir /Users/jhonnyponce/.npm correctMkdir not in flight; initializing
165 verbose afterAdd /Users/jhonnyponce/.npm/mkdirp/0.5.1/package/package.json written
166 silly fetchNamedPackageData graceful-readlink
167 silly mapToRegistry name graceful-readlink
168 silly mapToRegistry using default registry
169 silly mapToRegistry registry https://registry.npmjs.org/
170 silly mapToRegistry data Result {
170 silly mapToRegistry   raw: 'graceful-readlink',
170 silly mapToRegistry   scope: null,
170 silly mapToRegistry   escapedName: 'graceful-readlink',
170 silly mapToRegistry   name: 'graceful-readlink',
170 silly mapToRegistry   rawSpec: '',
170 silly mapToRegistry   spec: 'latest',
170 silly mapToRegistry   type: 'tag' }
171 silly mapToRegistry uri https://registry.npmjs.org/graceful-readlink
172 verbose request uri https://registry.npmjs.org/graceful-readlink
173 verbose request no auth needed
174 info attempt registry request try #1 at 8:54:51 AM
175 verbose etag W/"5818d05e-c0c"
176 verbose lastModified Tue, 01 Nov 2016 17:26:54 GMT
177 http request GET https://registry.npmjs.org/graceful-readlink
178 http 304 https://registry.npmjs.org/graceful-readlink
179 verbose headers { date: 'Sat, 10 Dec 2016 12:54:51 GMT',
179 verbose headers   via: '1.1 varnish',
179 verbose headers   'cache-control': 'max-age=300',
179 verbose headers   etag: 'W/"5818d05e-c0c"',
179 verbose headers   age: '139',
179 verbose headers   connection: 'keep-alive',
179 verbose headers   'x-served-by': 'cache-atl6236-ATL',
179 verbose headers   'x-cache': 'HIT',
179 verbose headers   'x-cache-hits': '4',
179 verbose headers   'x-timer': 'S1481374491.550922,VS0,VE0',
179 verbose headers   vary: 'Accept-Encoding' }
180 silly get cb [ 304,
180 silly get   { date: 'Sat, 10 Dec 2016 12:54:51 GMT',
180 silly get     via: '1.1 varnish',
180 silly get     'cache-control': 'max-age=300',
180 silly get     etag: 'W/"5818d05e-c0c"',
180 silly get     age: '139',
180 silly get     connection: 'keep-alive',
180 silly get     'x-served-by': 'cache-atl6236-ATL',
180 silly get     'x-cache': 'HIT',
180 silly get     'x-cache-hits': '4',
180 silly get     'x-timer': 'S1481374491.550922,VS0,VE0',
180 silly get     vary: 'Accept-Encoding' } ]
181 verbose etag https://registry.npmjs.org/graceful-readlink from cache
182 verbose get saving graceful-readlink to /Users/jhonnyponce/.npm/registry.npmjs.org/graceful-readlink/.cache.json
183 verbose correctMkdir /Users/jhonnyponce/.npm correctMkdir not in flight; initializing
184 silly resolveWithNewModule graceful-readlink@1.0.1 checking installable status
185 silly cache add args [ 'graceful-readlink@>= 1.0.0', null ]
186 verbose cache add spec graceful-readlink@>= 1.0.0
187 silly cache add parsed spec Result {
187 silly cache add   raw: 'graceful-readlink@>= 1.0.0',
187 silly cache add   scope: null,
187 silly cache add   escapedName: 'graceful-readlink',
187 silly cache add   name: 'graceful-readlink',
187 silly cache add   rawSpec: '>= 1.0.0',
187 silly cache add   spec: '>=1.0.0',
187 silly cache add   type: 'range' }
188 silly addNamed graceful-readlink@>=1.0.0
189 verbose addNamed ">=1.0.0" is a valid semver range for graceful-readlink
190 silly addNameRange { name: 'graceful-readlink', range: '>=1.0.0', hasData: false }
191 silly mapToRegistry name graceful-readlink
192 silly mapToRegistry using default registry
193 silly mapToRegistry registry https://registry.npmjs.org/
194 silly mapToRegistry data Result {
194 silly mapToRegistry   raw: 'graceful-readlink',
194 silly mapToRegistry   scope: null,
194 silly mapToRegistry   escapedName: 'graceful-readlink',
194 silly mapToRegistry   name: 'graceful-readlink',
194 silly mapToRegistry   rawSpec: '',
194 silly mapToRegistry   spec: 'latest',
194 silly mapToRegistry   type: 'tag' }
195 silly mapToRegistry uri https://registry.npmjs.org/graceful-readlink
196 verbose addNameRange registry:https://registry.npmjs.org/graceful-readlink not in flight; fetching
197 verbose get https://registry.npmjs.org/graceful-readlink not expired, no request
198 silly addNameRange number 2 { name: 'graceful-readlink', range: '>=1.0.0', hasData: true }
199 silly addNameRange versions [ 'graceful-readlink', [ '1.0.0', '1.0.1' ] ]
200 silly addNamed graceful-readlink@1.0.1
201 verbose addNamed "1.0.1" is a plain semver version for graceful-readlink
202 silly cache afterAdd graceful-readlink@1.0.1
203 verbose afterAdd /Users/jhonnyponce/.npm/graceful-readlink/1.0.1/package/package.json not in flight; writing
204 verbose correctMkdir /Users/jhonnyponce/.npm correctMkdir not in flight; initializing
205 verbose afterAdd /Users/jhonnyponce/.npm/graceful-readlink/1.0.1/package/package.json written
206 silly fetchNamedPackageData minimist
207 silly mapToRegistry name minimist
208 silly mapToRegistry using default registry
209 silly mapToRegistry registry https://registry.npmjs.org/
210 silly mapToRegistry data Result {
210 silly mapToRegistry   raw: 'minimist',
210 silly mapToRegistry   scope: null,
210 silly mapToRegistry   escapedName: 'minimist',
210 silly mapToRegistry   name: 'minimist',
210 silly mapToRegistry   rawSpec: '',
210 silly mapToRegistry   spec: 'latest',
210 silly mapToRegistry   type: 'tag' }
211 silly mapToRegistry uri https://registry.npmjs.org/minimist
212 verbose request uri https://registry.npmjs.org/minimist
213 verbose request no auth needed
214 info attempt registry request try #1 at 8:54:52 AM
215 verbose etag W/"58477011-7246"
216 verbose lastModified Wed, 07 Dec 2016 02:12:33 GMT
217 http request GET https://registry.npmjs.org/minimist
218 http 304 https://registry.npmjs.org/minimist
219 verbose headers { date: 'Sat, 10 Dec 2016 12:54:52 GMT',
219 verbose headers   via: '1.1 varnish',
219 verbose headers   'cache-control': 'max-age=300',
219 verbose headers   etag: 'W/"58477011-7246"',
219 verbose headers   age: '143',
219 verbose headers   connection: 'keep-alive',
219 verbose headers   'x-served-by': 'cache-atl6225-ATL',
219 verbose headers   'x-cache': 'HIT',
219 verbose headers   'x-cache-hits': '1',
219 verbose headers   'x-timer': 'S1481374492.870490,VS0,VE0',
219 verbose headers   vary: 'Accept-Encoding' }
220 silly get cb [ 304,
220 silly get   { date: 'Sat, 10 Dec 2016 12:54:52 GMT',
220 silly get     via: '1.1 varnish',
220 silly get     'cache-control': 'max-age=300',
220 silly get     etag: 'W/"58477011-7246"',
220 silly get     age: '143',
220 silly get     connection: 'keep-alive',
220 silly get     'x-served-by': 'cache-atl6225-ATL',
220 silly get     'x-cache': 'HIT',
220 silly get     'x-cache-hits': '1',
220 silly get     'x-timer': 'S1481374492.870490,VS0,VE0',
220 silly get     vary: 'Accept-Encoding' } ]
221 verbose etag https://registry.npmjs.org/minimist from cache
222 verbose get saving minimist to /Users/jhonnyponce/.npm/registry.npmjs.org/minimist/.cache.json
223 verbose correctMkdir /Users/jhonnyponce/.npm correctMkdir not in flight; initializing
224 silly resolveWithNewModule minimist@0.0.8 checking installable status
225 silly cache add args [ 'minimist@0.0.8', null ]
226 verbose cache add spec minimist@0.0.8
227 silly cache add parsed spec Result {
227 silly cache add   raw: 'minimist@0.0.8',
227 silly cache add   scope: null,
227 silly cache add   escapedName: 'minimist',
227 silly cache add   name: 'minimist',
227 silly cache add   rawSpec: '0.0.8',
227 silly cache add   spec: '0.0.8',
227 silly cache add   type: 'version' }
228 silly addNamed minimist@0.0.8
229 verbose addNamed "0.0.8" is a plain semver version for minimist
230 silly mapToRegistry name minimist
231 silly mapToRegistry using default registry
232 silly mapToRegistry registry https://registry.npmjs.org/
233 silly mapToRegistry data Result {
233 silly mapToRegistry   raw: 'minimist',
233 silly mapToRegistry   scope: null,
233 silly mapToRegistry   escapedName: 'minimist',
233 silly mapToRegistry   name: 'minimist',
233 silly mapToRegistry   rawSpec: '',
233 silly mapToRegistry   spec: 'latest',
233 silly mapToRegistry   type: 'tag' }
234 silly mapToRegistry uri https://registry.npmjs.org/minimist
235 verbose addNameVersion registry:https://registry.npmjs.org/minimist not in flight; fetching
236 verbose get https://registry.npmjs.org/minimist not expired, no request
237 silly cache afterAdd minimist@0.0.8
238 verbose afterAdd /Users/jhonnyponce/.npm/minimist/0.0.8/package/package.json not in flight; writing
239 verbose correctMkdir /Users/jhonnyponce/.npm correctMkdir not in flight; initializing
240 verbose afterAdd /Users/jhonnyponce/.npm/minimist/0.0.8/package/package.json written
241 silly loadAllDepsIntoIdealTree Finishing
242 silly loadIdealTree Finishing
243 silly currentTree lib
244 silly idealTree lib
244 silly idealTree └─┬ express-generator@4.14.0
244 silly idealTree   ├── commander@2.9.0
244 silly idealTree   ├── graceful-readlink@1.0.1
244 silly idealTree   ├── minimist@0.0.8
244 silly idealTree   ├── mkdirp@0.5.1
244 silly idealTree   └── sorted-object@2.0.0
245 silly generateActionsToTake Starting
246 silly install generateActionsToTake
247 warn checkPermissions Missing write access to /usr/local/lib/node_modules
248 silly rollbackFailedOptional Starting
249 silly rollbackFailedOptional Finishing
250 silly runTopLevelLifecycles Finishing
251 silly install printInstalled
252 verbose stack Error: EACCES: permission denied, access '/usr/local/lib/node_modules'
252 verbose stack     at Error (native)
253 verbose cwd /Users/jhonnyponce/Documents/archivosgit/exafinal
254 error Darwin 16.1.0
255 error argv "/usr/local/bin/node" "/usr/local/bin/npm" "install" "-g" "express-generator@4"
256 error node v6.9.1
257 error npm  v3.10.8
258 error path /usr/local/lib/node_modules
259 error code EACCES
260 error errno -13
261 error syscall access
262 error Error: EACCES: permission denied, access '/usr/local/lib/node_modules'
262 error     at Error (native)
262 error  { Error: EACCES: permission denied, access '/usr/local/lib/node_modules'
262 error     at Error (native)
262 error   errno: -13,
262 error   code: 'EACCES',
262 error   syscall: 'access',
262 error   path: '/usr/local/lib/node_modules' }
263 error Please try running this command again as root/Administrator.
264 verbose exit [ -13, true ]
